<?xml version="1.0" encoding="UTF-8"?>
<testng-results skipped="0" failed="0" total="1" passed="1">
  <reporter-output>
  </reporter-output>
  <suite name="Default suite" duration-ms="77027" started-at="2014-06-16T10:12:22Z" finished-at="2014-06-16T10:13:39Z">
    <groups>
    </groups>
    <test name="Default test" duration-ms="77027" started-at="2014-06-16T10:12:22Z" finished-at="2014-06-16T10:13:39Z">
      <class name="com.cmg.dailytest.pl.TestExample">
        <test-method status="PASS" signature="beforeTest()[pri:0, instance:com.cmg.dailytest.pl.TestExample@77cb95b3]" name="beforeTest" is-config="true" duration-ms="11581" started-at="2014-06-16T11:12:22Z" finished-at="2014-06-16T11:12:33Z">
          <reporter-output>
          </reporter-output>
        </test-method> <!-- beforeTest -->
        <test-method status="PASS" signature="mytestAction()[pri:0, instance:com.cmg.dailytest.pl.TestExample@77cb95b3]" name="mytestAction" duration-ms="65051" started-at="2014-06-16T11:12:33Z" finished-at="2014-06-16T11:13:38Z">
          <reporter-output>
          </reporter-output>
        </test-method> <!-- mytestAction -->
        <test-method status="PASS" signature="afterTest()[pri:0, instance:com.cmg.dailytest.pl.TestExample@77cb95b3]" name="afterTest" is-config="true" duration-ms="334" started-at="2014-06-16T11:13:38Z" finished-at="2014-06-16T11:13:39Z">
          <reporter-output>
          </reporter-output>
        </test-method> <!-- afterTest -->
      </class> <!-- com.cmg.dailytest.pl.TestExample -->
    </test> <!-- Default test -->
  </suite> <!-- Default suite -->
</testng-results>
