<?xml version="1.0" encoding="UTF-8"?>
<!-- Generated by org.testng.reporters.JUnitReportReporter -->
<testsuite hostname="lantb-PC" name="com.cmg.pl.dailytest.LoadMember_BPF_0122398" tests="3" failures="0" timestamp="17 Jun 2014 08:23:10 GMT" time="399.536" errors="0">
  <testcase name="dailyTest" time="134.314" classname="com.cmg.pl.dailytest.LoadMember_BPF_0122398"/>
  <testcase name="dailyTest" time="137.127" classname="com.cmg.pl.dailytest.LoadMember_BPF_0122398"/>
  <testcase name="dailyTest" time="128.095" classname="com.cmg.pl.dailytest.LoadMember_BPF_0122398"/>
</testsuite> <!-- com.cmg.pl.dailytest.LoadMember_BPF_0122398 -->
