<?xml version="1.0" encoding="UTF-8"?>
<!-- Generated by org.testng.reporters.JUnitReportReporter -->
<testsuite hostname="lantb-PC" name="com.cmg.pl.dailytest.LoadMember_BPF_0100027" tests="3" failures="0" timestamp="17 Jun 2014 08:23:10 GMT" time="420.229" errors="0">
  <testcase name="dailytest" time="140.892" classname="com.cmg.pl.dailytest.LoadMember_BPF_0100027"/>
  <testcase name="dailytest" time="137.110" classname="com.cmg.pl.dailytest.LoadMember_BPF_0100027"/>
  <testcase name="dailytest" time="142.227" classname="com.cmg.pl.dailytest.LoadMember_BPF_0100027"/>
</testsuite> <!-- com.cmg.pl.dailytest.LoadMember_BPF_0100027 -->
